Script started on Thu 07 Apr 2016 05:30:37 PM EDT
dtal@thing3: ./bin/recreate_app.sh ; date; exit
Creating Ionic app in folder /home/dtal/workspace/tracktunes/git/ionic-recorder/ionic-recorder based on tabs project
Downloading: https://github.com/driftyco/ionic2-app-base/archive/typescript.zip
Adding initial native plugins
Saving your Ionic app state of platforms and plugins
Saved platform
There was no fetch.json file available to restore plugin information from.
Restoring plugins from scanning the plugins folder is still being worked on.
Saved plugins
Saved package.json

♬ ♫ ♬ ♫  Your Ionic app is ready to go! ♬ ♫ ♬ ♫

Make sure to cd into your new app directory:
  cd ionic-recorder

To run your app in the browser (great for initial development):
  ionic serve

To run on iOS:
  ionic run ios

To run on Android:
  ionic run android

To test your app on a device easily, try Ionic View:
  http://view.ionic.io

New! Add push notifications, update your app remotely, and package iOS and Android apps with the Ionic Platform!
https://apps.ionic.io/signup

New to Ionic? Get started here: http://ionicframework.com/docs/v2/getting-started


Cloning into 'ionic-recorder'...
remote: Counting objects: 4338, done.
remote: Compressing objects: 100% (44/44)   
remote: Compressing objects: 100% (44/44), done.
Receiving objects:  99% (4295/4338), 1.65 MiB | 1.08 MiB/s   
remote: Total 4338 (delta 16), reused 0 (delta 0), pack-reused 4294
Receiving objects: 100% (4338/4338), 1.65 MiB | 1.08 MiB/s   
Receiving objects: 100% (4338/4338), 1.79 MiB | 1.08 MiB/s, done.
Resolving deltas: 100% (2497/2497)   
Resolving deltas: 100% (2497/2497), done.
Checking connectivity... done.
npm WARN deprecated ionic-gulp-webpack-build@1.0.0: ionic-gulp-webpack-build has been renamed to ionic-gulp-webpack.
npm WARN deprecated graceful-fs@3.0.8: graceful-fs version 3 and before will fail on newer node releases. Please update to graceful-fs@^4.0.0 as soon as possible.
npm WARN deprecated lodash@1.0.2: lodash@<3.0.0 is no longer maintained. Upgrade to lodash@^4.0.0.
npm WARN deprecated graceful-fs@1.2.3: graceful-fs version 3 and before will fail on newer node releases. Please update to graceful-fs@^4.0.0 as soon as possible.
npm WARN deprecated npmconf@2.1.2: this package has been reintegrated into npm and is now out of date with respect to npm
> phantomjs-prebuilt@2.1.7 install /home/dtal/workspace/tracktunes/git/ionic-recorder/ionic-recorder/node_modules/phantomjs-prebuilt
> node install.js

PhantomJS not found on PATH
Downloading https://github.com/Medium/phantomjs/releases/download/v2.1.1//phantomjs-2.1.1-linux-x86_64.tar.bz2
Saving to /tmp/phantomjs/phantomjs-2.1.1-linux-x86_64.tar.bz2
Receiving...
Received 22866K total.
Extracting tar contents (via spawned process)
Removing /home/dtal/workspace/tracktunes/git/ionic-recorder/ionic-recorder/node_modules/phantomjs-prebuilt/lib/phantom
Copying extracted folder /tmp/phantomjs/phantomjs-2.1.1-linux-x86_64.tar.bz2-extract-1460064832858/phantomjs-2.1.1-linux-x86_64 -> /home/dtal/workspace/tracktunes/git/ionic-recorder/ionic-recorder/node_modules/phantomjs-prebuilt/lib/phantom
Writing location.js file
Done. Phantomjs binary available at /home/dtal/workspace/tracktunes/git/ionic-recorder/ionic-recorder/node_modules/phantomjs-prebuilt/lib/phantom/bin/phantomjs
ionic-recorder@ /home/dtal/workspace/tracktunes/git/ionic-recorder/ionic-recorder
├─┬awesome-typescript-loader@0.17.0-rc.5
│ ├─┬ babel-polyfill@6.7.4 
│ │ ├── babel-regenerator-runtime@6.5.0 
│ │ └─┬ babel-runtime@5.8.38 
│ │   └── core-js@1.2.6 
│ ├─┬ enhanced-resolve@0.9.1 
│ │ ├── memory-fs@0.2.0 
│ │ └── tapable@0.1.10 
│ ├── es6-promisify@3.0.0 
│ ├─┬ loader-utils@0.2.13 
│ │ ├── big.js@3.1.3 
│ │ └── json5@0.4.0 
│ ├── object-assign@2.1.1 
│ ├─┬ source-map-support@0.4.0 
│ │ └── source-map@0.1.32 
│ ├── strip-json-comments@2.0.1 
│ └── tsconfig@2.2.0 
├─┬ del@2.2.0
│ ├─┬ globby@4.0.0
│ │ └── object-assign@4.0.1 
│ └── object-assign@4.0.1 
├─┬ es6-module-loader@0.17.11 
│ └── when@3.7.7 
├─┬ gulp-inline-ng2-template@1.1.3 
│ ├─┬ es6-templates@0.2.2 
│ │ └─┬ recast@0.9.18 
│ │   ├── ast-types@0.6.16 
│ │   ├── esprima-fb@10001.1.0-dev-harmony-fb 
│ │   ├── private@0.1.6 
│ │   └── source-map@0.1.43 
│ └── extend@3.0.0 
├─┬ gulp-load-plugins@1.2.0 
│ ├─┬ findup-sync@0.2.1 
│ │ └─┬ glob@4.3.5 
│ │   └── minimatch@2.0.10 
│ └─┬ multimatch@2.0.0 
│   └── minimatch@2.0.10 
├─┬ gulp-tap@0.1.3 
│ └─┬ event-stream@3.1.7 
│   ├── from@0.1.3 
│   ├── pause-stream@0.0.11 
│   ├── split@0.2.10 
│   └── stream-combiner@0.0.4 
├─┬ gulp-tslint@4.3.4 
│ ├── map-stream@0.1.0 
│ └─┬ rcloader@0.2.0 
│   └─┬ rcfinder@0.1.8 
│     └── lodash@2.4.2 
├─┬ gulp-typescript@2.12.2 
│ ├── source-map@0.5.3 
│ ├── typescript@1.8.7 
│ └─┬ vinyl-fs@2.2.1 
│   ├─┬ glob-stream@5.3.2 
│   │ ├── extend@3.0.0 
│   │ ├── glob@5.0.15 
│   │ ├─┬ ordered-read-streams@0.3.0 
│   │ │ └─┬ readable-stream@2.0.6 
│   │ │   └── isarray@1.0.0 
│   │ ├─┬ through2@0.6.5 
│   │ │ └─┬ readable-stream@1.0.33 
│   │ │   └── isarray@0.0.1 
│   │ ├─┬ to-absolute-glob@0.1.1 
│   │ │ └── extend-shallow@2.0.1 
│   │ └─┬ unique-stream@2.2.1 
│   │   └── json-stable-stringify@1.0.1 
│   ├── is-valid-glob@0.3.0 
│   ├── object-assign@4.0.1 
│   ├── through2-filter@2.0.0 
│   └── vinyl@1.1.1 
├─┬ ionic-gulp-sass-build@1.0.0
│ └─┬ gulp-sass@2.2.0
│   └── object-assign@4.0.1 
├─┬ ionic-gulp-webpack-build@1.0.0 
│ └─┬ webpack@1.12.14 
│   ├── esprima@2.7.2 
│   ├── interpret@0.6.6 
│   ├─┬ memory-fs@0.3.0 
│   │ ├─┬ errno@0.1.4 
│   │ │ └── prr@0.0.0 
│   │ └─┬ readable-stream@2.0.6 
│   │   └── isarray@1.0.0 
│   ├─┬ node-libs-browser@0.5.3 
│   │ ├─┬ buffer@3.6.0 
│   │ │ ├── base64-js@0.0.8 
│   │ │ └── isarray@1.0.0 
│   │ ├── constants-browserify@0.0.1 
│   │ ├─┬ crypto-browserify@3.2.8 
│   │ │ ├── pbkdf2-compat@2.0.1 
│   │ │ ├── ripemd160@0.2.0 
│   │ │ └── sha.js@2.2.6 
│   │ ├─┬ http-browserify@1.7.0 
│   │ │ └── Base64@0.2.1 
│   │ ├── https-browserify@0.0.0 
│   │ ├── stream-browserify@1.0.0 
│   │ └─┬ url@0.10.3 
│   │   └── punycode@1.3.2 
│   ├── supports-color@3.1.2 
│   ├─┬ uglify-js@2.6.2 
│   │ ├── async@0.2.10 
│   │ ├── source-map@0.5.3 
│   │ ├── uglify-to-browserify@1.0.2 
│   │ └─┬ yargs@3.10.0 
│   │   ├── camelcase@1.2.1 
│   │   ├─┬ cliui@2.1.0 
│   │   │ ├─┬ center-align@0.1.3 
│   │   │ │ ├─┬ align-text@0.1.4 
│   │   │ │ │ └── longest@1.0.1 
│   │   │ │ └── lazy-cache@1.0.3 
│   │   │ ├── right-align@0.1.3 
│   │   │ └── wordwrap@0.0.2 
│   │   └── window-size@0.1.0 
│   ├─┬ watchpack@0.2.9 
│   │ └── async@0.9.2 
│   └─┬ webpack-core@0.6.8 
│     └── source-list-map@0.1.6 
├── jasmine-core@2.4.1 
├── jasmine-spec-reporter@2.4.0 
├─┬ karma@0.13.22 
│ ├── batch@0.5.3 
│ ├── bluebird@2.10.2 
│ ├─┬ body-parser@1.15.0 
│ │ ├── bytes@2.2.0 
│ │ ├── content-type@1.0.1 
│ │ ├── depd@1.1.0 
│ │ ├─┬ http-errors@1.4.0 
│ │ │ └── statuses@1.2.1 
│ │ ├── iconv-lite@0.4.13 
│ │ ├─┬ on-finished@2.3.0 
│ │ │ └── ee-first@1.1.1 
│ │ ├─┬ raw-body@2.1.6 
│ │ │ ├── bytes@2.3.0 
│ │ │ └── unpipe@1.0.0 
│ │ └─┬ type-is@1.6.12 
│ │   └── media-typer@0.3.0 
│ ├─┬ connect@3.4.1 
│ │ ├─┬ finalhandler@0.4.1 
│ │ │ └── escape-html@1.0.3 
│ │ ├── parseurl@1.3.1 
│ │ └── utils-merge@1.0.0 
│ ├── core-js@2.2.2 
│ ├── di@0.0.1 
│ ├─┬ dom-serialize@2.2.1 
│ │ ├── custom-event@1.0.0 
│ │ ├── ent@2.2.0 
│ │ ├── extend@3.0.0 
│ │ └── void-elements@2.0.1 
│ ├─┬ expand-braces@0.1.2 
│ │ ├── array-slice@0.2.3 
│ │ └─┬ braces@0.1.5 
│ │   └─┬ expand-range@0.1.1 
│ │     ├── is-number@0.1.1 
│ │     └── repeat-string@0.2.2 
│ ├── glob@7.0.3 
│ ├─┬ http-proxy@1.13.2 
│ │ ├── eventemitter3@1.2.0 
│ │ └── requires-port@1.0.0 
│ ├── isbinaryfile@3.0.0 
│ ├─┬ log4js@0.6.33 
│ │ └── readable-stream@1.0.33 
│ ├── mime@1.3.4 
│ ├─┬ optimist@0.6.1 
│ │ ├── minimist@0.0.10 
│ │ └── wordwrap@0.0.3 
│ ├─┬ socket.io@1.4.5 
│ │ ├─┬ engine.io@1.6.8 
│ │ │ ├─┬ accepts@1.1.4 
│ │ │ │ ├─┬ mime-types@2.0.14 
│ │ │ │ │ └── mime-db@1.12.0 
│ │ │ │ └── negotiator@0.4.9 
│ │ │ ├── base64id@0.1.0 
│ │ │ └─┬ engine.io-parser@1.2.4 
│ │ │   ├── after@0.8.1 
│ │ │   ├── arraybuffer.slice@0.0.6 
│ │ │   ├── base64-arraybuffer@0.1.2 
│ │ │   ├── blob@0.0.4 
│ │ │   ├── has-binary@0.1.6 
│ │ │   └── utf8@2.1.0 
│ │ ├── has-binary@0.1.7 
│ │ ├─┬ socket.io-adapter@0.4.0 
│ │ │ └─┬ socket.io-parser@2.2.2 
│ │ │   ├── debug@0.7.4 
│ │ │   └── json3@3.2.6 
│ │ ├─┬ socket.io-client@1.4.5 
│ │ │ ├── backo2@1.0.2 
│ │ │ ├── component-bind@1.0.0 
│ │ │ ├── component-emitter@1.2.0 
│ │ │ ├─┬ engine.io-client@1.6.8 
│ │ │ │ ├── component-inherit@0.0.3 
│ │ │ │ ├── has-cors@1.1.0 
│ │ │ │ ├── parsejson@0.0.1 
│ │ │ │ ├── parseqs@0.0.2 
│ │ │ │ ├── xmlhttprequest-ssl@1.5.1 
│ │ │ │ └── yeast@0.1.2 
│ │ │ ├── object-component@0.0.3 
│ │ │ ├─┬ parseuri@0.0.4 
│ │ │ │ └─┬ better-assert@1.0.2 
│ │ │ │   └── callsite@1.0.0 
│ │ │ └── to-array@0.1.4 
│ │ └─┬ socket.io-parser@2.2.6 
│ │   ├── benchmark@1.0.0 
│ │   ├── component-emitter@1.1.2 
│ │   └── json3@3.3.2 
│ ├── source-map@0.5.3 
│ └─┬ useragent@2.1.9 
│   └── lru-cache@2.2.4 
├─┬ karma-chrome-launcher@0.2.3 
│ └─┬ fs-access@1.0.0 
│   └── null-check@1.0.0 
├─┬ karma-coverage@0.5.5 
│ ├─┬ dateformat@1.0.12
│ │ └─┬ meow@3.7.0
│ │   └── object-assign@4.0.1 
│ ├─┬ istanbul@0.4.3 
│ │ ├─┬ escodegen@1.8.0 
│ │ │ ├── esprima@2.7.2 
│ │ │ ├── estraverse@1.9.3 
│ │ │ ├── esutils@2.0.2 
│ │ │ ├─┬ optionator@0.8.1 
│ │ │ │ ├── deep-is@0.1.3 
│ │ │ │ ├── fast-levenshtein@1.1.3 
│ │ │ │ ├── levn@0.3.0 
│ │ │ │ ├── prelude-ls@1.1.2 
│ │ │ │ ├── type-check@0.3.2 
│ │ │ │ └── wordwrap@1.0.0 
│ │ │ └── source-map@0.2.0 
│ │ ├── esprima@2.7.2 
│ │ ├─┬ fileset@0.2.1 
│ │ │ ├── glob@5.0.15 
│ │ │ └── minimatch@2.0.10 
│ │ ├─┬ handlebars@4.0.5 
│ │ │ └── source-map@0.4.4 
│ │ ├─┬ js-yaml@3.5.5 
│ │ │ ├─┬ argparse@1.0.7 
│ │ │ │ └── sprintf-js@1.0.3 
│ │ │ └── esprima@2.7.2 
│ │ ├── supports-color@3.1.2 
│ │ └── wordwrap@1.0.0 
│ └── source-map@0.5.3 
├── karma-jasmine@0.3.8 
├─┬ karma-mocha-reporter@2.0.0 
│ └── chalk@1.1.1 
├─┬ karma-phantomjs-launcher@1.0.0 
│ └── lodash@4.8.2 
├─┬ phantomjs-prebuilt@2.1.7 
│ ├─┬ extract-zip@1.5.0 
│ │ ├─┬ concat-stream@1.5.0 
│ │ │ └─┬ readable-stream@2.0.6 
│ │ │   └── isarray@1.0.0 
│ │ ├── debug@0.7.4 
│ │ ├─┬ mkdirp@0.5.0 
│ │ │ └── minimist@0.0.8 
│ │ └─┬ yauzl@2.4.1 
│ │   └─┬ fd-slicer@1.0.1 
│ │     └── pend@1.2.0 
│ ├─┬ fs-extra@0.26.7 
│ │ ├── jsonfile@2.2.3 
│ │ └── klaw@1.1.3 
│ ├─┬ hasha@2.2.0 
│ │ └── is-stream@1.0.1 
│ ├── kew@0.7.0 
│ ├── progress@1.1.8 
│ ├─┬ request@2.67.0 
│ │ ├─┬ bl@1.0.3 
│ │ │ └─┬ readable-stream@2.0.6 
│ │ │   └── isarray@1.0.0 
│ │ ├── extend@3.0.0 
│ │ └── qs@5.2.0 
│ └─┬ request-progress@2.0.1 
│   └── throttleit@1.0.0 
├─┬ protractor@3.2.2 
│ ├── adm-zip@0.4.7 
│ ├─┬ jasmine@2.4.1 
│ │ ├── exit@0.1.2 
│ │ └─┬ glob@3.2.11 
│ │   └── minimatch@0.3.0 
│ ├── jasminewd2@0.0.8 
│ ├─┬ request@2.67.0 
│ │ ├─┬ bl@1.0.3 
│ │ │ └─┬ readable-stream@2.0.6 
│ │ │   └── isarray@1.0.0 
│ │ ├── extend@3.0.0 
│ │ └── qs@5.2.0 
│ ├─┬ saucelabs@1.0.1 
│ │ └─┬ https-proxy-agent@1.0.0 
│ │   ├─┬ agent-base@2.0.1 
│ │   │ ├── extend@3.0.0 
│ │   │ └── semver@5.0.3 
│ │   └── extend@3.0.0 
│ └─┬ selenium-webdriver@2.52.0 
│   ├── adm-zip@0.4.4 
│   ├── tmp@0.0.24 
│   ├─┬ ws@1.0.1 
│   │ ├── options@0.0.6 
│   │ └── ultron@1.0.2 
│   └─┬ xml2js@0.4.4 
│     ├── sax@0.6.1 
│     └── xmlbuilder@8.2.1 
├── strip-sourcemap-loader@0.0.1 
├── systemjs@0.19.25 
├─┬ traceur@0.0.106 
│ ├── glob@5.0.15 
│ ├── rsvp@3.2.1 
│ └─┬ source-map-support@0.2.10 
│   └── source-map@0.1.32 
├─┬ ts-node@0.7.1 
│ ├── diff@2.2.2 
│ └── make-error@1.1.1 
├─┬ tslint@3.7.1 
│ ├─┬ findup-sync@0.2.1 
│ │ └─┬ glob@4.3.5 
│ │   └── minimatch@2.0.10 
│ └── underscore.string@3.1.1 
├─┬ tslint-eslint-rules@1.2.0 
│ └─┬ doctrine@0.7.2 
│   └── esutils@1.1.6 
└─┬ typings@0.7.12 
  ├── any-promise@1.1.0 
  ├── bluebird@3.3.4 
  ├─┬ columnify@1.5.4 
  │ └── wcwidth@1.0.0 
  ├── listify@1.0.0 
  ├─┬ typings-core@0.2.16 
  │ ├─┬ configstore@2.0.0 
  │ │ ├─┬ dot-prop@2.4.0 
  │ │ │ └── is-obj@1.0.1 
  │ │ ├── object-assign@4.0.1 
  │ │ ├── uuid@2.0.1 
  │ │ ├─┬ write-file-atomic@1.1.4 
  │ │ │ ├── imurmurhash@0.1.4 
  │ │ │ └── slide@1.1.6 
  │ │ └── xdg-basedir@2.0.0 
  │ ├── detect-indent@4.0.0 
  │ ├─┬ invariant@2.2.1 
  │ │ └─┬ loose-envify@1.1.0 
  │ │   └── js-tokens@1.0.3 
  │ ├─┬ is-absolute@0.2.5 
  │ │ ├─┬ is-relative@0.2.1 
  │ │ │ └─┬ is-unc-path@0.1.1 
  │ │ │   └── unc-path-regex@0.1.1 
  │ │ └── is-windows@0.1.1 
  │ ├── lockfile@1.0.1 
  │ ├── make-error-cause@1.1.0 
  │ ├── object.pick@1.1.2 
  │ ├─┬ popsicle@5.0.1 
  │ │ ├─┬ form-data@0.2.0 
  │ │ │ ├── async@0.9.2 
  │ │ │ ├─┬ combined-stream@0.0.7 
  │ │ │ │ └── delayed-stream@0.0.5 
  │ │ │ └─┬ mime-types@2.0.14 
  │ │ │   └── mime-db@1.12.0 
  │ │ └── methods@1.1.2 
  │ ├─┬ popsicle-proxy-agent@1.0.0 
  │ │ └─┬ http-proxy-agent@1.0.0 
  │ │   └── extend@3.0.0 
  │ ├── popsicle-retry@2.0.0 
  │ ├── popsicle-status@1.0.2 
  │ ├── promise-finally@2.1.0 
  │ ├─┬ rc@1.1.6 
  │ │ ├── deep-extend@0.4.1 
  │ │ └── strip-json-comments@1.0.4 
  │ ├─┬ sort-keys@1.1.1 
  │ │ └── is-plain-obj@1.1.0 
  │ ├── string-template@1.0.0 
  │ ├── thenify@3.2.0 
  │ ├── throat@2.0.2 
  │ ├─┬ touch@1.0.0 
  │ │ └── nopt@1.0.10 
  │ └── zip-object@0.1.0 
  ├─┬ update-notifier@0.6.3 
  │ ├─┬ boxen@0.3.1 
  │ │ ├── filled-array@1.1.0 
  │ │ ├── object-assign@4.0.1 
  │ │ └── widest-line@1.0.0 
  │ ├── is-npm@1.0.0 
  │ ├─┬ latest-version@2.0.0 
  │ │ └─┬ package-json@2.3.2 
  │ │   ├─┬ got@5.6.0 
  │ │   │ ├─┬ create-error-class@3.0.2 
  │ │   │ │ └── capture-stack-trace@1.0.0 
  │ │   │ ├── duplexer2@0.1.4 
  │ │   │ ├── is-redirect@1.0.0 
  │ │   │ ├── is-retry-allowed@1.0.0 
  │ │   │ ├── lowercase-keys@1.0.0 
  │ │   │ ├── node-status-codes@1.0.0 
  │ │   │ ├── object-assign@4.0.1 
  │ │   │ ├─┬ read-all-stream@3.1.0 
  │ │   │ │ └─┬ readable-stream@2.0.6 
  │ │   │ │   └── isarray@1.0.0 
  │ │   │ ├─┬ readable-stream@2.0.6 
  │ │   │ │ └── isarray@1.0.0 
  │ │   │ ├── timed-out@2.0.0 
  │ │   │ ├── unzip-response@1.0.0 
  │ │   │ └─┬ url-parse-lax@1.0.0 
  │ │   │   └── prepend-http@1.0.3 
  │ │   ├── registry-url@3.1.0 
  │ │   └── semver@5.1.0 
  │ └─┬ semver-diff@2.1.0 
  │   └── semver@5.1.0 
  └── wordwrap@1.0.0 

npm WARN optional Skipping failed optional dependency /chokidar/fsevents:
npm WARN notsup Not compatible with your operating system or architecture: fsevents@1.0.11
typings WARN badlocation "github:tracktunes/ionic-recorder/typings/main/ambient/local/index.d.ts" is a mutable location and may change, consider specifying a commit hash
local
└── (No dependencies)

typings WARN badlocation "github:tracktunes/ionic-recorder/typings/main/ambient/waa/index.d.ts" is a mutable location and may change, consider specifying a commit hash
waa
└── (No dependencies)

typings WARN badlocation "github:tracktunes/ionic-recorder/typings/main/ambient/MediaStream/index.d.ts" is a mutable location and may change, consider specifying a commit hash
MediaStream
└── (No dependencies)

typings INFO reference Stripped reference "https://raw.githubusercontent.com/DefinitelyTyped/DefinitelyTyped/7de6c3dd94feaeb21f20054b9f30d5dabc5efabd/selenium-webdriver/selenium-webdriver.d.ts" during installation from "angular-protractor"
angular-protractor
└── (No dependencies)

bluebird
└── (No dependencies)

chalk
└── (No dependencies)

typings INFO reference Stripped reference "https://raw.githubusercontent.com/DefinitelyTyped/DefinitelyTyped/7de6c3dd94feaeb21f20054b9f30d5dabc5efabd/glob/glob.d.ts" during installation from "del"
del
└── (No dependencies)

es6-shim
└── (No dependencies)

typings INFO reference Stripped reference "https://raw.githubusercontent.com/DefinitelyTyped/DefinitelyTyped/7de6c3dd94feaeb21f20054b9f30d5dabc5efabd/serve-static/serve-static.d.ts" during installation from "express"
typings INFO reference Stripped reference "https://raw.githubusercontent.com/DefinitelyTyped/DefinitelyTyped/7de6c3dd94feaeb21f20054b9f30d5dabc5efabd/express-serve-static-core/express-serve-static-core.d.ts" during installation from "express"
express
└── (No dependencies)

typings INFO reference Stripped reference "https://raw.githubusercontent.com/DefinitelyTyped/DefinitelyTyped/fb2e78984b7076eda628892770a4314d618ac0d7/node/node.d.ts" during installation from "express-serve-static-core"
express-serve-static-core
└── (No dependencies)

typings INFO reference Stripped reference "https://raw.githubusercontent.com/DefinitelyTyped/DefinitelyTyped/7de6c3dd94feaeb21f20054b9f30d5dabc5efabd/node/node.d.ts" during installation from "glob"
typings INFO reference Stripped reference "https://raw.githubusercontent.com/DefinitelyTyped/DefinitelyTyped/7de6c3dd94feaeb21f20054b9f30d5dabc5efabd/minimatch/minimatch.d.ts" during installation from "glob"
glob
└── (No dependencies)

typings INFO reference Stripped reference "https://raw.githubusercontent.com/DefinitelyTyped/DefinitelyTyped/56295f5058cac7ae458540423c50ac2dcf9fc711/node/node.d.ts" during installation from "gulp"
typings INFO reference Stripped reference "https://raw.githubusercontent.com/DefinitelyTyped/DefinitelyTyped/56295f5058cac7ae458540423c50ac2dcf9fc711/orchestrator/orchestrator.d.ts" during installation from "gulp"
gulp
└── (No dependencies)

typings INFO reference Stripped reference "https://raw.githubusercontent.com/DefinitelyTyped/DefinitelyTyped/56295f5058cac7ae458540423c50ac2dcf9fc711/node/node.d.ts" during installation from "gulp-load-plugins"
gulp-load-plugins
└── (No dependencies)

typings INFO reference Stripped reference "https://raw.githubusercontent.com/DefinitelyTyped/DefinitelyTyped/7de6c3dd94feaeb21f20054b9f30d5dabc5efabd/node/node.d.ts" during installation from "gulp-typescript"
gulp-typescript
└── (No dependencies)

typings INFO reference Stripped reference "https://raw.githubusercontent.com/DefinitelyTyped/DefinitelyTyped/56295f5058cac7ae458540423c50ac2dcf9fc711/node/node.d.ts" during installation from "gulp-util"
typings INFO reference Stripped reference "https://raw.githubusercontent.com/DefinitelyTyped/DefinitelyTyped/56295f5058cac7ae458540423c50ac2dcf9fc711/vinyl/vinyl.d.ts" during installation from "gulp-util"
typings INFO reference Stripped reference "https://raw.githubusercontent.com/DefinitelyTyped/DefinitelyTyped/56295f5058cac7ae458540423c50ac2dcf9fc711/chalk/chalk.d.ts" during installation from "gulp-util"
typings INFO reference Stripped reference "https://raw.githubusercontent.com/DefinitelyTyped/DefinitelyTyped/56295f5058cac7ae458540423c50ac2dcf9fc711/through2/through2.d.ts" during installation from "gulp-util"
gulp-util
└── (No dependencies)

jasmine
└── (No dependencies)

typings INFO reference Stripped reference "https://raw.githubusercontent.com/DefinitelyTyped/DefinitelyTyped/56295f5058cac7ae458540423c50ac2dcf9fc711/bluebird/bluebird.d.ts" during installation from "karma"
typings INFO reference Stripped reference "https://raw.githubusercontent.com/DefinitelyTyped/DefinitelyTyped/56295f5058cac7ae458540423c50ac2dcf9fc711/node/node.d.ts" during installation from "karma"
typings INFO reference Stripped reference "https://raw.githubusercontent.com/DefinitelyTyped/DefinitelyTyped/56295f5058cac7ae458540423c50ac2dcf9fc711/log4js/log4js.d.ts" during installation from "karma"
karma
└── (No dependencies)

typings INFO reference Stripped reference "https://raw.githubusercontent.com/DefinitelyTyped/DefinitelyTyped/56295f5058cac7ae458540423c50ac2dcf9fc711/express/express.d.ts" during installation from "log4js"
log4js
└── (No dependencies)

mime
└── (No dependencies)

minimatch
└── (No dependencies)

node
└── (No dependencies)

typings INFO reference Stripped reference "https://raw.githubusercontent.com/DefinitelyTyped/DefinitelyTyped/56295f5058cac7ae458540423c50ac2dcf9fc711/q/Q.d.ts" during installation from "orchestrator"
orchestrator
└── (No dependencies)

q
└── (No dependencies)

typings INFO reference Stripped reference "https://raw.githubusercontent.com/DefinitelyTyped/DefinitelyTyped/56295f5058cac7ae458540423c50ac2dcf9fc711/node/node.d.ts" during installation from "run-sequence"
typings INFO reference Stripped reference "https://raw.githubusercontent.com/DefinitelyTyped/DefinitelyTyped/56295f5058cac7ae458540423c50ac2dcf9fc711/gulp/gulp.d.ts" during installation from "run-sequence"
run-sequence
└── (No dependencies)

selenium-webdriver
└── (No dependencies)

typings INFO reference Stripped reference "https://raw.githubusercontent.com/DefinitelyTyped/DefinitelyTyped/7de6c3dd94feaeb21f20054b9f30d5dabc5efabd/express-serve-static-core/express-serve-static-core.d.ts" during installation from "serve-static"
typings INFO reference Stripped reference "https://raw.githubusercontent.com/DefinitelyTyped/DefinitelyTyped/7de6c3dd94feaeb21f20054b9f30d5dabc5efabd/mime/mime.d.ts" during installation from "serve-static"
serve-static
└── (No dependencies)

typings INFO reference Stripped reference "https://raw.githubusercontent.com/DefinitelyTyped/DefinitelyTyped/7de6c3dd94feaeb21f20054b9f30d5dabc5efabd/node/node.d.ts" during installation from "through2"
through2
└── (No dependencies)

typings INFO reference Stripped reference "https://raw.githubusercontent.com/DefinitelyTyped/DefinitelyTyped/56295f5058cac7ae458540423c50ac2dcf9fc711/node/node.d.ts" during installation from "vinyl"
vinyl
└── (No dependencies)

Fixing typings ...
[17:34:37] Requiring external module ts-node/register
[17:34:42] sourced Ionic's gulpfile @ /home/dtal/workspace/tracktunes/git/ionic-recorder/gulpfile.js
[17:34:42] Using gulpfile ~/workspace/tracktunes/git/ionic-recorder/test/gulpfile.ts
[17:34:42] Starting 'test'...
[17:34:42] Starting 'test.build'...
[17:34:42] Starting 'test.lint'...
[17:34:43] Starting 'test.clean'...
[17:34:44] Deleted /home/dtal/workspace/tracktunes/git/ionic-recorder/www/build/test
[17:34:44] Finished 'test.clean' after 548 ms
[17:34:44] Finished 'test.lint' after 1.54 s
[17:34:44] Starting 'sass'...
[17:34:44] Starting 'fonts'...
[17:34:44] Starting 'html'...
[17:34:44] Finished 'html' after 34 ms
[17:34:44] Finished 'fonts' after 252 ms
[17:34:45] Finished 'sass' after 1.37 s
[17:34:45] Starting 'test.build.typescript'...
[17:34:48] Finished 'test.build.typescript' after 3.08 s
[17:34:48] Finished 'test.build' after 5.99 s
[17:34:48] Starting 'test.karma'...
START:
09 04 2016 17:34:54.724:INFO [karma]: Karma v0.13.22 server started at http://localhost:9876/
09 04 2016 17:34:54.742:INFO [launcher]: Starting browser PhantomJS
09 04 2016 17:34:56.270:INFO [PhantomJS 2.1.1 (Linux 0.0.0)]: Connected on socket /#QDN1DjpJ4rMwnysqAAAA with id 7015658
PhantomJS 2.1.1 (Linux 0.0.0) LOG: 'deleteDatabase: SUCCESS'
PhantomJS 2.1.1 (Linux 0.0.0) LOG: 'constructor():LocalDB'
PhantomJS 2.1.1 (Linux 0.0.0) LOG: 'constructor():AppState'
PhantomJS 2.1.1 (Linux 0.0.0) LOG: 'constructor():TracktunesApp'
LOG: 'openDB:onupgradeended DONE'
  When appState initialized
    ✔ appState is not falsy
  When appState initialized again
    ✔ appState is not falsy
    ✔ can read lastSelectedTab to be 0
    ✔ can update lastSelectedTab to be 1
    ✔ update again lastSelectedTab to be 1 does nothing
    ✔ can read lastSelectedTab to be 1
  When localDB initialized
    ✔ localDB is not falsy
    ✔ db is not falsy
    ✔ db validating keys ok
  When two LocalDB instances are initialized
    ✔ should be equal (singleton test)
  When DB is available -- CREATING A TREE
    ✔ db is not falsy
    ✔ can read or create RANDOM_WORD_1 item in root
    ✔ can read or create RANDOM_WORD_1 item in root again
    ✔ can delete RANDOM_WORD_1 item in root
    ✔ can read or create __unfiled__ folder (at root)
    ✔ can read or create __unfiled__ folder (at root) again
    ✔ cannot create __unfiled__ folder (at root) again
    ✔ can create folder1 - child of __unfiled__ folder
    ✔ can create item2 - child of folder1
    ✔ can create folder3 - child of folder1
    ✔ can create item4 - child of folder3
    ✔ can create folder5 - child of folder3
    ✔ can create item6 - child of folder5
    ✔ can create item7 - child of folder5
    ✔ can create __unfiled__ folder (at folder5)
    ✔ can read item2
    ✔ can read item2 data
    ✔ can update item2 data to "i2newData"
    ✔ can re-read item2 data and verify it to be "i2newData"
    ✔ can get child nodes of folder3 and verify them
    ✔ can get folder5 subtree nodes array
    ✔ can get unfiledFolder subtree nodes
    ✔ can delete folder5 folder recursively
    ✔ can get child nodes of folder3 and verify them but not folder5
    ✔ cannot now read folder5
    ✔ cannot now read item6
    ✔ cannot now read item7
    ✔ can delete __unfiled__ folder (at root) recursively
    ✔ cannot now read __unfiled__ folder (at root)
    ✔ cannot now read item2
    ✔ cannot now read folder3
    ✔ cannot now read item4
  TracktunesApp
    ✔ initialises with a root page and an app
    ✔ initialises again with a root page and an app
Finished in 25.223 secs / 25.1 secs
SUMMARY:
✔ 44 tests completed
-------------------------------|----------|----------|----------|----------|----------------|
File                           |  % Stmts | % Branch |  % Funcs |  % Lines |Uncovered Lines |
-------------------------------|----------|----------|----------|----------|----------------|
 test/                         |    56.52 |    39.58 |    43.75 |    57.63 |                |
  app.js                       |    56.52 |    39.58 |    43.75 |    57.63 |... 94,95,96,98 |
 test/components/audio-player/ |    27.27 |    32.08 |    13.04 |     26.5 |                |
  audio-player.js              |    27.27 |    32.08 |    13.04 |     26.5 |... 210,211,214 |
 test/components/vu-gauge/     |    46.67 |    48.57 |    42.86 |    46.34 |                |
  vu-gauge.js                  |    46.67 |    48.57 |    42.86 |    46.34 |... 69,71,72,73 |
 test/pages/add-folder/        |    34.69 |    32.56 |     37.5 |    33.33 |                |
  add-folder.js                |    34.69 |    32.56 |     37.5 |    33.33 |... 82,83,86,87 |
 test/pages/library/           |    22.33 |    15.73 |     4.76 |     21.8 |                |
  library.js                   |    22.33 |    15.73 |     4.76 |     21.8 |... 517,518,520 |
 test/pages/record/            |    27.27 |    31.11 |    13.64 |     26.5 |                |
  record.js                    |    27.27 |    31.11 |    13.64 |     26.5 |... 218,219,220 |
 test/pages/tabs/              |    54.55 |    48.28 |    42.86 |    55.17 |                |
  tabs.js                      |    54.55 |    48.28 |    42.86 |    55.17 |... 32,33,34,36 |
 test/providers/app-state/     |    69.61 |    52.94 |    56.25 |    70.41 |                |
  app-state.js                 |    69.61 |    52.94 |    56.25 |    70.41 |... 204,205,208 |
 test/providers/local-db/      |     83.2 |    67.18 |    71.74 |    83.43 |                |
  local-db.js                  |     83.2 |    67.18 |    71.74 |    83.43 |... 3,1209,1280 |
 test/providers/master-clock/  |    46.67 |    42.42 |       30 |    46.34 |                |
  master-clock.js              |    46.67 |    42.42 |       30 |    46.34 |... 64,65,67,75 |
 test/providers/utils/         |    64.52 |     8.33 |    28.57 |    68.97 |                |
  utils.js                     |    64.52 |     8.33 |    28.57 |    68.97 |... 39,40,43,46 |
 test/providers/web-audio/     |    21.17 |    17.72 |    11.54 |    20.45 |                |
  web-audio.js                 |    21.17 |    17.72 |    11.54 |    20.45 |... 319,320,321 |
-------------------------------|----------|----------|----------|----------|----------------|
All files                      |    52.43 |    39.04 |    45.19 |    52.59 |                |
-------------------------------|----------|----------|----------|----------|----------------|
exit
Script done on Thu 07 Apr 2016 05:34:57 PM EDT
